<?xml version="1.0" encoding="UTF-8"?>
<!-- Generated by org.testng.reporters.JUnitReportReporter -->
<testsuite hostname="inlen8520069246" failures="0" tests="1" name="com.netbanking.utilites.FileReader" time="2.371" errors="0" timestamp="2023-12-20T19:58:48 IST" skipped="0">
  <testcase classname="com.netbanking.utilites.FileReader" name="readCellData" time="2.371"/>
  <system-out/>
</testsuite> <!-- com.netbanking.utilites.FileReader -->
