<?xml version="1.0" encoding="UTF-8"?>
<!-- Generated by org.testng.reporters.JUnitReportReporter -->
<testsuite hostname="inlen8520069246" failures="0" tests="1" name="com.netbanking.testCases.AddCustomerTest_TC001" time="16.000" errors="0" timestamp="2023-12-22T20:02:12 IST" skipped="0">
  <testcase classname="com.netbanking.testCases.AddCustomerTest_TC001" name="addNewCustomer" time="16.000"/>
  <system-out/>
</testsuite> <!-- com.netbanking.testCases.AddCustomerTest_TC001 -->
