<?xml version="1.0" encoding="UTF-8"?>
<!-- Generated by org.testng.reporters.JUnitReportReporter -->
<testsuite hostname="SINGH" failures="0" tests="1" name="com.netbanking.testCases.LoginTest_TC001" time="2.743" errors="0" timestamp="2023-12-23T18:15:49 IST" skipped="0">
  <testcase classname="com.netbanking.testCases.LoginTest_TC001" name="LoginTest" time="2.743"/>
  <system-out/>
</testsuite> <!-- com.netbanking.testCases.LoginTest_TC001 -->
