<?xml version="1.0" encoding="UTF-8"?>
<!-- Generated by org.testng.reporters.JUnitReportReporter -->
<testsuite hostname="SINGH" failures="0" tests="1" name="com.netbanking.testCases.NewAccountTest_TC001" time="7.986" errors="0" timestamp="2023-12-23T18:58:18 IST" skipped="0">
  <testcase classname="com.netbanking.testCases.NewAccountTest_TC001" name="newAccount" time="7.986"/>
  <system-out/>
</testsuite> <!-- com.netbanking.testCases.NewAccountTest_TC001 -->
